<?xml version="1.0" encoding="UTF-8"?>
<!-- Generated by org.testng.reporters.JUnitReportReporter -->
<testsuite skipped="0" hostname="Admin-PC" name="com.learneAutomation.selenium.ExtendedReport" tests="1" failures="0" timestamp="30 Jun 2018 06:57:14 GMT" time="1.097" errors="0">
  <testcase name="Report" time="1.097" classname="com.learneAutomation.selenium.ExtendedReport"/>
</testsuite> <!-- com.learneAutomation.selenium.ExtendedReport -->
