<?xml version="1.0" encoding="UTF-8"?>
<!-- Generated by org.testng.reporters.JUnitReportReporter -->
<testsuite skipped="0" hostname="Admin-PC" name="com.learneAutomation.selenium.MavenPracticeTest" tests="1" failures="0" timestamp="28 Jun 2018 03:02:11 GMT" time="0.024" errors="0">
  <testcase name="testHello" time="0.024" classname="com.learneAutomation.selenium.MavenPracticeTest"/>
</testsuite> <!-- com.learneAutomation.selenium.MavenPracticeTest -->
